Build started 1/22/2014 4:48:36 PM.
     1>Project "C:\Users\Nick\Desktop\Git Projects\Labyrinthian\Assignment2\io_demo\io_demo.vcxproj" on node 2 (build target(s)).
     1>InitializeBuildStatus:
         Creating "Debug\io_demo.unsuccessfulbuild" because "AlwaysCreate" was specified.
       ClCompile:
         All outputs are up-to-date.
         c:\Program Files (x86)\Microsoft Visual Studio 10.0\VC\bin\CL.exe /c /I"C:\Users\Nick\Desktop\Git Projects\Labyrinthian\Assignment2\io_demo\irrKlang-1.4.0\irrKlang-1.4.0\include" /I\\src /I"C:\Program Files (x86)\Microsoft DirectX SDK (June 2010)\Include" /I"%(AdditionalIncludeDirectories" /I"C:\Program Files\Microsoft DirectX SDK (June 2008)\Include" /I"C:\Program Files (x86)\Microsoft DirectX SDK (June 2010)\Include" /I"C:\Program Files (x86)\NVIDIA Corporation\NVIDIA PhysX SDK\v2.8.1\SDKs\NxCharacter\include" /I"C:\Program Files (x86)\NVIDIA Corporation\NVIDIA PhysX SDK\v2.8.1\SDKs\Physics\include" /I"C:\Program Files (x86)\NVIDIA Corporation\NVIDIA PhysX SDK\v2.8.1\SDKs\Cooking\include" /I"C:\Program Files (x86)\NVIDIA Corporation\NVIDIA PhysX SDK\v2.8.1\SDKs\PhysXLoader\include" /I"C:\Program Files (x86)\NVIDIA Corporation\NVIDIA PhysX SDK\v2.8.1\SDKs\Foundation\include" /ZI /nologo /W3 /WX- /Od /Oy- /D WIN32 /D _DEBUG /D _WINDOWS /Gm /EHsc /RTC1 /MDd /GS /fp:precise /Zc:wchar_t /Zc:forScope /Yu"StdAfx.h" /Fp"Debug\io_demo.pch" /Fo"Debug\\" /Fd"Debug\vc100.pdb" /Gd /TP /analyze- /errorReport:prompt AudioPlayer.cpp BestTime.cpp Camera.cpp FloorPanel.cpp Hud.cpp Level.cpp LevelCompleteScreen.cpp Maze.cpp MeshBox.cpp MeshModel.cpp MeshObject.cpp MeshSphere.cpp PhysicsEngine.cpp Player.cpp RollingBall.cpp Selector.cpp Space.cpp SpaceNode.cpp Wall.cpp
         Wall.cpp
         SpaceNode.cpp
         Space.cpp
         Selector.cpp
     1>c:\users\nick\desktop\git projects\labyrinthian\assignment2\io_demo\selector.cpp(119): warning C4244: 'argument' : conversion from 'int' to 'FLOAT', possible loss of data
         RollingBall.cpp
         Player.cpp
         PhysicsEngine.cpp
         MeshSphere.cpp
         MeshObject.cpp
     1>c:\users\nick\desktop\git projects\labyrinthian\assignment2\io_demo\meshobject.cpp(139): warning C4018: '<' : signed/unsigned mismatch
     1>c:\users\nick\desktop\git projects\labyrinthian\assignment2\io_demo\meshobject.cpp(103): warning C4101: 'fTime' : unreferenced local variable
         MeshModel.cpp
         MeshBox.cpp
         Maze.cpp
     1>c:\users\nick\desktop\git projects\labyrinthian\assignment2\io_demo\maze.cpp(467): warning C4018: '<' : signed/unsigned mismatch
         LevelCompleteScreen.cpp
         Level.cpp
         Hud.cpp
     1>c:\users\nick\desktop\git projects\labyrinthian\assignment2\io_demo\hud.cpp(116): warning C4244: 'argument' : conversion from 'double' to 'FLOAT', possible loss of data
     1>c:\users\nick\desktop\git projects\labyrinthian\assignment2\io_demo\hud.cpp(134): warning C4244: '=' : conversion from 'double' to 'float', possible loss of data
         FloorPanel.cpp
         Camera.cpp
         BestTime.cpp
         AudioPlayer.cpp
     1>c:\users\nick\desktop\git projects\labyrinthian\assignment2\io_demo\audioplayer.cpp(191): warning C4244: 'argument' : conversion from 'double' to 'irrklang::ik_f32', possible loss of data
     1>c:\users\nick\desktop\git projects\labyrinthian\assignment2\io_demo\audioplayer.cpp(200): warning C4244: 'argument' : conversion from 'double' to 'irrklang::ik_f32', possible loss of data
     1>c:\users\nick\desktop\git projects\labyrinthian\assignment2\io_demo\audioplayer.cpp(208): warning C4244: 'argument' : conversion from 'double' to 'irrklang::ik_f32', possible loss of data
     1>c:\users\nick\desktop\git projects\labyrinthian\assignment2\io_demo\audioplayer.cpp(216): warning C4244: 'argument' : conversion from 'double' to 'irrklang::ik_f32', possible loss of data
     1>c:\users\nick\desktop\git projects\labyrinthian\assignment2\io_demo\audioplayer.cpp(225): warning C4244: 'argument' : conversion from 'double' to 'irrklang::ik_f32', possible loss of data
         Generating Code...
       ResourceCompile:
         All outputs are up-to-date.
       ManifestResourceCompile:
         All outputs are up-to-date.
       Link:
         c:\Program Files (x86)\Microsoft Visual Studio 10.0\VC\bin\link.exe /ERRORREPORT:PROMPT /OUT:"C:\Users\Nick\Desktop\Git Projects\Labyrinthian\Assignment2\io_demo\Debug\io_demo.exe" /INCREMENTAL /NOLOGO /LIBPATH:"C:\Users\Nick\Desktop\Git Projects\Labyrinthian\Assignment2\io_demo\irrKlang-1.4.0\irrKlang-1.4.0\lib\Win32-visualStudio" /LIBPATH:"C:\Program Files (x86)\Microsoft DirectX SDK (June 2010)\Lib\x86" /LIBPATH:"C:\Program Files (x86)\Microsoft DirectX SDK (June 2010)\Lib\x64" /LIBPATH:"C:\Program Files\Microsoft DirectX SDK (June 2008)\Lib\x86" /LIBPATH:"C:\Program Files (x86)\Microsoft DirectX SDK (June 2010)\Lib\x86" /LIBPATH:"C:\Program Files\NVIDIA Corporation\NVIDIA PhysX SDK\v2.8.1\SDKs\lib\Win32" /LIBPATH:"C:\Program Files (x86)\NVIDIA Corporation\NVIDIA PhysX SDK\v2.8.1\SDKs\lib\Win32" PhysXLoader.lib NxCharacter.lib NxCooking.lib d3d9.lib d3dx9d.lib dxguid.lib dinput8.lib kernel32.lib user32.lib gdi32.lib winspool.lib comdlg32.lib advapi32.lib shell32.lib ole32.lib oleaut32.lib uuid.lib odbc32.lib odbccp32.lib /MANIFEST /ManifestFile:"Debug\io_demo.exe.intermediate.manifest" /MANIFESTUAC:"level='asInvoker' uiAccess='false'" /DEBUG /PDB:"C:\Users\Nick\Desktop\Git Projects\Labyrinthian\Assignment2\io_demo\Debug\io_demo.pdb" /SUBSYSTEM:WINDOWS /TLBID:1 /DYNAMICBASE /NXCOMPAT /IMPLIB:"C:\Users\Nick\Desktop\Git Projects\Labyrinthian\Assignment2\io_demo\Debug\io_demo.lib" /MACHINE:X86 Debug\io_demo.res
         Debug\io_demo.exe.embed.manifest.res
         Debug\AudioPlayer.obj
         Debug\BestTime.obj
         Debug\Camera.obj
         Debug\FloorPanel.obj
         Debug\gameApp.obj
         Debug\gameIO.obj
         Debug\GameMenu.obj
         Debug\Hud.obj
         Debug\io_demo.obj
         Debug\Level.obj
         Debug\LevelCompleteScreen.obj
         Debug\Maze.obj
         Debug\MeshBox.obj
         Debug\MeshModel.obj
         Debug\MeshObject.obj
         Debug\MeshSphere.obj
         Debug\myGame.obj
         Debug\PhysicsEngine.obj
         Debug\Player.obj
         Debug\RollingBall.obj
         Debug\Selector.obj
         Debug\Space.obj
         Debug\SpaceNode.obj
         Debug\stdafx.obj
         Debug\Wall.obj
       Manifest:
         c:\Program Files (x86)\Microsoft SDKs\Windows\v7.0A\bin\mt.exe /nologo /verbose /out:"Debug\io_demo.exe.embed.manifest" /manifest Debug\io_demo.exe.intermediate.manifest
         All outputs are up-to-date.
       LinkEmbedManifest:
         All outputs are up-to-date.
         io_demo.vcxproj -> C:\Users\Nick\Desktop\Git Projects\Labyrinthian\Assignment2\io_demo\Debug\io_demo.exe
       FinalizeBuildStatus:
         Deleting file "Debug\io_demo.unsuccessfulbuild".
         Touching "Debug\io_demo.lastbuildstate".
     1>Done Building Project "C:\Users\Nick\Desktop\Git Projects\Labyrinthian\Assignment2\io_demo\io_demo.vcxproj" (build target(s)).

Build succeeded.

Time Elapsed 00:00:14.69
