C:\USERS\NICK\DESKTOP\COMP 3501 PROJECT\LABYRINTHIAN\ASSIGNMENT2\IO_DEMO\DEBUG\BESTTIME.OBJ
C:\USERS\NICK\DESKTOP\COMP 3501 PROJECT\LABYRINTHIAN\ASSIGNMENT2\IO_DEMO\DEBUG\CAMERA.OBJ
C:\Users\Nick\Desktop\Comp 3501 Project\Labyrinthian\Assignment2\io_demo\Debug\cl.command.1.tlog
C:\Users\Nick\Desktop\Comp 3501 Project\Labyrinthian\Assignment2\io_demo\Debug\CL.read.1.tlog
C:\Users\Nick\Desktop\Comp 3501 Project\Labyrinthian\Assignment2\io_demo\Debug\CL.write.1.tlog
C:\USERS\NICK\DESKTOP\COMP 3501 PROJECT\LABYRINTHIAN\ASSIGNMENT2\IO_DEMO\DEBUG\FLOORPANEL.OBJ
C:\USERS\NICK\DESKTOP\COMP 3501 PROJECT\LABYRINTHIAN\ASSIGNMENT2\IO_DEMO\DEBUG\GAMEAPP.OBJ
C:\USERS\NICK\DESKTOP\COMP 3501 PROJECT\LABYRINTHIAN\ASSIGNMENT2\IO_DEMO\DEBUG\GAMEIO.OBJ
C:\USERS\NICK\DESKTOP\COMP 3501 PROJECT\LABYRINTHIAN\ASSIGNMENT2\IO_DEMO\DEBUG\GAMEMENU.OBJ
C:\USERS\NICK\DESKTOP\COMP 3501 PROJECT\LABYRINTHIAN\ASSIGNMENT2\IO_DEMO\DEBUG\HUD.OBJ
C:\Users\Nick\Desktop\Comp 3501 Project\Labyrinthian\Assignment2\io_demo\Debug\io_demo.exe.embed.manifest
C:\USERS\NICK\DESKTOP\COMP 3501 PROJECT\LABYRINTHIAN\ASSIGNMENT2\IO_DEMO\DEBUG\IO_DEMO.EXE.EMBED.MANIFEST.RES
C:\Users\Nick\Desktop\Comp 3501 Project\Labyrinthian\Assignment2\io_demo\Debug\io_demo.exe.intermediate.manifest
C:\USERS\NICK\DESKTOP\COMP 3501 PROJECT\LABYRINTHIAN\ASSIGNMENT2\IO_DEMO\DEBUG\IO_DEMO.OBJ
C:\USERS\NICK\DESKTOP\COMP 3501 PROJECT\LABYRINTHIAN\ASSIGNMENT2\IO_DEMO\DEBUG\IO_DEMO.PCH
C:\Users\Nick\Desktop\Comp 3501 Project\Labyrinthian\Assignment2\io_demo\Debug\io_demo.pdb
C:\USERS\NICK\DESKTOP\COMP 3501 PROJECT\LABYRINTHIAN\ASSIGNMENT2\IO_DEMO\DEBUG\IO_DEMO.RES
C:\Users\Nick\Desktop\Comp 3501 Project\Labyrinthian\Assignment2\io_demo\Debug\io_demo.write.1.tlog
C:\Users\Nick\Desktop\Comp 3501 Project\Labyrinthian\Assignment2\io_demo\Debug\io_demo_manifest.rc
C:\USERS\NICK\DESKTOP\COMP 3501 PROJECT\LABYRINTHIAN\ASSIGNMENT2\IO_DEMO\DEBUG\LEVEL.OBJ
C:\Users\Nick\Desktop\Comp 3501 Project\Labyrinthian\Assignment2\io_demo\Debug\link.3988.read.1.tlog
C:\Users\Nick\Desktop\Comp 3501 Project\Labyrinthian\Assignment2\io_demo\Debug\link.3988.write.1.tlog
C:\Users\Nick\Desktop\Comp 3501 Project\Labyrinthian\Assignment2\io_demo\Debug\link.3988-cvtres.read.1.tlog
C:\Users\Nick\Desktop\Comp 3501 Project\Labyrinthian\Assignment2\io_demo\Debug\link.3988-cvtres.write.1.tlog
C:\Users\Nick\Desktop\Comp 3501 Project\Labyrinthian\Assignment2\io_demo\Debug\link.4564.read.1.tlog
C:\Users\Nick\Desktop\Comp 3501 Project\Labyrinthian\Assignment2\io_demo\Debug\link.4564.write.1.tlog
C:\Users\Nick\Desktop\Comp 3501 Project\Labyrinthian\Assignment2\io_demo\Debug\link.4564-cvtres.read.1.tlog
C:\Users\Nick\Desktop\Comp 3501 Project\Labyrinthian\Assignment2\io_demo\Debug\link.4564-cvtres.write.1.tlog
C:\Users\Nick\Desktop\Comp 3501 Project\Labyrinthian\Assignment2\io_demo\Debug\link.command.1.tlog
C:\Users\Nick\Desktop\Comp 3501 Project\Labyrinthian\Assignment2\io_demo\Debug\link.read.1.tlog
C:\Users\Nick\Desktop\Comp 3501 Project\Labyrinthian\Assignment2\io_demo\Debug\link.write.1.tlog
C:\Users\Nick\Desktop\Comp 3501 Project\Labyrinthian\Assignment2\io_demo\Debug\link-cvtres.read.1.tlog
C:\Users\Nick\Desktop\Comp 3501 Project\Labyrinthian\Assignment2\io_demo\Debug\link-cvtres.write.1.tlog
C:\USERS\NICK\DESKTOP\COMP 3501 PROJECT\LABYRINTHIAN\ASSIGNMENT2\IO_DEMO\DEBUG\MAZE.OBJ
C:\USERS\NICK\DESKTOP\COMP 3501 PROJECT\LABYRINTHIAN\ASSIGNMENT2\IO_DEMO\DEBUG\MESHBOX.OBJ
C:\USERS\NICK\DESKTOP\COMP 3501 PROJECT\LABYRINTHIAN\ASSIGNMENT2\IO_DEMO\DEBUG\MESHMODEL.OBJ
C:\USERS\NICK\DESKTOP\COMP 3501 PROJECT\LABYRINTHIAN\ASSIGNMENT2\IO_DEMO\DEBUG\MESHOBJECT.OBJ
C:\USERS\NICK\DESKTOP\COMP 3501 PROJECT\LABYRINTHIAN\ASSIGNMENT2\IO_DEMO\DEBUG\MESHSPHERE.OBJ
C:\Users\Nick\Desktop\Comp 3501 Project\Labyrinthian\Assignment2\io_demo\Debug\mt.command.1.tlog
C:\Users\Nick\Desktop\Comp 3501 Project\Labyrinthian\Assignment2\io_demo\Debug\mt.read.1.tlog
C:\Users\Nick\Desktop\Comp 3501 Project\Labyrinthian\Assignment2\io_demo\Debug\mt.write.1.tlog
C:\USERS\NICK\DESKTOP\COMP 3501 PROJECT\LABYRINTHIAN\ASSIGNMENT2\IO_DEMO\DEBUG\MYGAME.OBJ
C:\USERS\NICK\DESKTOP\COMP 3501 PROJECT\LABYRINTHIAN\ASSIGNMENT2\IO_DEMO\DEBUG\PHYSICSENGINE.OBJ
C:\USERS\NICK\DESKTOP\COMP 3501 PROJECT\LABYRINTHIAN\ASSIGNMENT2\IO_DEMO\DEBUG\PLAYER.OBJ
C:\Users\Nick\Desktop\Comp 3501 Project\Labyrinthian\Assignment2\io_demo\Debug\rc.command.1.tlog
C:\Users\Nick\Desktop\Comp 3501 Project\Labyrinthian\Assignment2\io_demo\Debug\rc.read.1.tlog
C:\Users\Nick\Desktop\Comp 3501 Project\Labyrinthian\Assignment2\io_demo\Debug\rc.write.1.tlog
C:\USERS\NICK\DESKTOP\COMP 3501 PROJECT\LABYRINTHIAN\ASSIGNMENT2\IO_DEMO\DEBUG\ROLLINGBALL.OBJ
C:\USERS\NICK\DESKTOP\COMP 3501 PROJECT\LABYRINTHIAN\ASSIGNMENT2\IO_DEMO\DEBUG\SELECTOR.OBJ
C:\USERS\NICK\DESKTOP\COMP 3501 PROJECT\LABYRINTHIAN\ASSIGNMENT2\IO_DEMO\DEBUG\SPACE.OBJ
C:\USERS\NICK\DESKTOP\COMP 3501 PROJECT\LABYRINTHIAN\ASSIGNMENT2\IO_DEMO\DEBUG\SPACENODE.OBJ
C:\USERS\NICK\DESKTOP\COMP 3501 PROJECT\LABYRINTHIAN\ASSIGNMENT2\IO_DEMO\DEBUG\STDAFX.OBJ
C:\Users\Nick\Desktop\Comp 3501 Project\Labyrinthian\Assignment2\io_demo\Debug\vc100.idb
C:\USERS\NICK\DESKTOP\COMP 3501 PROJECT\LABYRINTHIAN\ASSIGNMENT2\IO_DEMO\DEBUG\VC100.PDB
C:\USERS\NICK\DESKTOP\COMP 3501 PROJECT\LABYRINTHIAN\ASSIGNMENT2\IO_DEMO\DEBUG\WALL.OBJ
C:\USERS\TYLER\DOCUMENTS\CLASSES\FALL 2012\COMP 3501 A\PROJECT\LABYRINTHIAN\ASSIGNMENT2\IO_DEMO\DEBUG\BESTTIME.OBJ
C:\USERS\TYLER\DOCUMENTS\CLASSES\FALL 2012\COMP 3501 A\PROJECT\LABYRINTHIAN\ASSIGNMENT2\IO_DEMO\DEBUG\CAMERA.OBJ
C:\USERS\TYLER\DOCUMENTS\CLASSES\FALL 2012\COMP 3501 A\PROJECT\LABYRINTHIAN\ASSIGNMENT2\IO_DEMO\DEBUG\FLOORPANEL.OBJ
C:\USERS\TYLER\DOCUMENTS\CLASSES\FALL 2012\COMP 3501 A\PROJECT\LABYRINTHIAN\ASSIGNMENT2\IO_DEMO\DEBUG\GAMEAPP.OBJ
C:\USERS\TYLER\DOCUMENTS\CLASSES\FALL 2012\COMP 3501 A\PROJECT\LABYRINTHIAN\ASSIGNMENT2\IO_DEMO\DEBUG\GAMEIO.OBJ
C:\USERS\TYLER\DOCUMENTS\CLASSES\FALL 2012\COMP 3501 A\PROJECT\LABYRINTHIAN\ASSIGNMENT2\IO_DEMO\DEBUG\GAMEMENU.OBJ
C:\USERS\TYLER\DOCUMENTS\CLASSES\FALL 2012\COMP 3501 A\PROJECT\LABYRINTHIAN\ASSIGNMENT2\IO_DEMO\DEBUG\HUD.OBJ
C:\USERS\TYLER\DOCUMENTS\CLASSES\FALL 2012\COMP 3501 A\PROJECT\LABYRINTHIAN\ASSIGNMENT2\IO_DEMO\DEBUG\IO_DEMO.EXE
C:\USERS\TYLER\DOCUMENTS\CLASSES\FALL 2012\COMP 3501 A\PROJECT\LABYRINTHIAN\ASSIGNMENT2\IO_DEMO\DEBUG\IO_DEMO.EXE.EMBED.MANIFEST
C:\USERS\TYLER\DOCUMENTS\CLASSES\FALL 2012\COMP 3501 A\PROJECT\LABYRINTHIAN\ASSIGNMENT2\IO_DEMO\DEBUG\IO_DEMO.EXE.EMBED.MANIFEST.RES
C:\USERS\TYLER\DOCUMENTS\CLASSES\FALL 2012\COMP 3501 A\PROJECT\LABYRINTHIAN\ASSIGNMENT2\IO_DEMO\DEBUG\IO_DEMO.EXE.INTERMEDIATE.MANIFEST
C:\USERS\TYLER\DOCUMENTS\CLASSES\FALL 2012\COMP 3501 A\PROJECT\LABYRINTHIAN\ASSIGNMENT2\IO_DEMO\DEBUG\IO_DEMO.ILK
C:\USERS\TYLER\DOCUMENTS\CLASSES\FALL 2012\COMP 3501 A\PROJECT\LABYRINTHIAN\ASSIGNMENT2\IO_DEMO\DEBUG\IO_DEMO.OBJ
C:\USERS\TYLER\DOCUMENTS\CLASSES\FALL 2012\COMP 3501 A\PROJECT\LABYRINTHIAN\ASSIGNMENT2\IO_DEMO\DEBUG\IO_DEMO.PCH
C:\USERS\TYLER\DOCUMENTS\CLASSES\FALL 2012\COMP 3501 A\PROJECT\LABYRINTHIAN\ASSIGNMENT2\IO_DEMO\DEBUG\IO_DEMO.PDB
C:\USERS\TYLER\DOCUMENTS\CLASSES\FALL 2012\COMP 3501 A\PROJECT\LABYRINTHIAN\ASSIGNMENT2\IO_DEMO\DEBUG\IO_DEMO.RES
C:\USERS\TYLER\DOCUMENTS\CLASSES\FALL 2012\COMP 3501 A\PROJECT\LABYRINTHIAN\ASSIGNMENT2\IO_DEMO\DEBUG\LEVEL.OBJ
C:\USERS\TYLER\DOCUMENTS\CLASSES\FALL 2012\COMP 3501 A\PROJECT\LABYRINTHIAN\ASSIGNMENT2\IO_DEMO\DEBUG\MAZE.OBJ
C:\USERS\TYLER\DOCUMENTS\CLASSES\FALL 2012\COMP 3501 A\PROJECT\LABYRINTHIAN\ASSIGNMENT2\IO_DEMO\DEBUG\MESHBOX.OBJ
C:\USERS\TYLER\DOCUMENTS\CLASSES\FALL 2012\COMP 3501 A\PROJECT\LABYRINTHIAN\ASSIGNMENT2\IO_DEMO\DEBUG\MESHMODEL.OBJ
C:\USERS\TYLER\DOCUMENTS\CLASSES\FALL 2012\COMP 3501 A\PROJECT\LABYRINTHIAN\ASSIGNMENT2\IO_DEMO\DEBUG\MESHOBJECT.OBJ
C:\USERS\TYLER\DOCUMENTS\CLASSES\FALL 2012\COMP 3501 A\PROJECT\LABYRINTHIAN\ASSIGNMENT2\IO_DEMO\DEBUG\MESHSPHERE.OBJ
C:\USERS\TYLER\DOCUMENTS\CLASSES\FALL 2012\COMP 3501 A\PROJECT\LABYRINTHIAN\ASSIGNMENT2\IO_DEMO\DEBUG\MYGAME.OBJ
C:\USERS\TYLER\DOCUMENTS\CLASSES\FALL 2012\COMP 3501 A\PROJECT\LABYRINTHIAN\ASSIGNMENT2\IO_DEMO\DEBUG\PHYSICSENGINE.OBJ
C:\USERS\TYLER\DOCUMENTS\CLASSES\FALL 2012\COMP 3501 A\PROJECT\LABYRINTHIAN\ASSIGNMENT2\IO_DEMO\DEBUG\PLAYER.OBJ
C:\USERS\TYLER\DOCUMENTS\CLASSES\FALL 2012\COMP 3501 A\PROJECT\LABYRINTHIAN\ASSIGNMENT2\IO_DEMO\DEBUG\ROLLINGBALL.OBJ
C:\USERS\TYLER\DOCUMENTS\CLASSES\FALL 2012\COMP 3501 A\PROJECT\LABYRINTHIAN\ASSIGNMENT2\IO_DEMO\DEBUG\SELECTOR.OBJ
C:\USERS\TYLER\DOCUMENTS\CLASSES\FALL 2012\COMP 3501 A\PROJECT\LABYRINTHIAN\ASSIGNMENT2\IO_DEMO\DEBUG\SPACE.OBJ
C:\USERS\TYLER\DOCUMENTS\CLASSES\FALL 2012\COMP 3501 A\PROJECT\LABYRINTHIAN\ASSIGNMENT2\IO_DEMO\DEBUG\SPACENODE.OBJ
C:\USERS\TYLER\DOCUMENTS\CLASSES\FALL 2012\COMP 3501 A\PROJECT\LABYRINTHIAN\ASSIGNMENT2\IO_DEMO\DEBUG\STDAFX.OBJ
C:\USERS\TYLER\DOCUMENTS\CLASSES\FALL 2012\COMP 3501 A\PROJECT\LABYRINTHIAN\ASSIGNMENT2\IO_DEMO\DEBUG\VC100.PDB
C:\USERS\TYLER\DOCUMENTS\CLASSES\FALL 2012\COMP 3501 A\PROJECT\LABYRINTHIAN\ASSIGNMENT2\IO_DEMO\DEBUG\WALL.OBJ
