Build started 11/25/2012 11:18:54 PM.
Project "C:\Program Files\irrKlang-1.4.0\irrKlang-1.4.0\examples\02.3DSound\02.3DSound.vcxproj" on node 2 (build target(s)).
InitializeBuildStatus:
  Creating "Debug\02.3DSound.unsuccessfulbuild" because "AlwaysCreate" was specified.
ClCompile:
  C:\Program Files\Microsoft Visual Studio 10.0\VC\bin\CL.exe /c /I../../include /ZI /nologo /W3 /WX- /Od /Oy- /D WIN32 /D _DEBUG /D _CONSOLE /D _MBCS /Gm /EHsc /RTC1 /MTd /GS /fp:precise /Zc:wchar_t /Zc:forScope /Fo"Debug\\" /Fd"Debug\vc100.pdb" /Gd /TP /analyze- /errorReport:prompt main.cpp
  main.cpp
c:\program files\irrklang-1.4.0\irrklang-1.4.0\examples\02.3dsound\main.cpp(107): warning C4996: 'kbhit': The POSIX name for this item is deprecated. Instead, use the ISO C++ conformant name: _kbhit. See online help for details.
          c:\program files\microsoft visual studio 10.0\vc\include\conio.h(130) : see declaration of 'kbhit'
c:\program files\irrklang-1.4.0\irrklang-1.4.0\examples\02.3dsound\main.cpp(109): warning C4996: 'getch': The POSIX name for this item is deprecated. Instead, use the ISO C++ conformant name: _getch. See online help for details.
          c:\program files\microsoft visual studio 10.0\vc\include\conio.h(128) : see declaration of 'getch'
ManifestResourceCompile:
  C:\Program Files\Microsoft SDKs\Windows\v7.0A\bin\rc.exe /nologo /fo"Debug\02.3DSound.exe.embed.manifest.res" Debug\02.3DSound_manifest.rc 
C:\Program Files\MSBuild\Microsoft.Cpp\v4.0\Microsoft.CppBuild.targets(990,5): warning MSB8012: TargetPath(C:\Program Files\irrKlang-1.4.0\irrKlang-1.4.0\examples\02.3DSound\Debug\02.3DSound.exe) does not match the Linker's OutputFile property value (C:\Program Files\irrKlang-1.4.0\irrKlang-1.4.0\bin\win32-visualstudio\02.3DSound.exe). This may cause your project to build incorrectly. To correct this, please make sure that $(OutDir), $(TargetName) and $(TargetExt) property values match the value specified in %(Link.OutputFile).
Link:
  C:\Program Files\Microsoft Visual Studio 10.0\VC\bin\link.exe /ERRORREPORT:PROMPT /OUT:"../../bin/win32-visualstudio/02.3DSound.exe" /INCREMENTAL /NOLOGO /LIBPATH:"../../lib/win32-visualstudio" kernel32.lib user32.lib gdi32.lib winspool.lib comdlg32.lib advapi32.lib shell32.lib ole32.lib oleaut32.lib uuid.lib odbc32.lib odbccp32.lib /MANIFEST /ManifestFile:"Debug\02.3DSound.exe.intermediate.manifest" /MANIFESTUAC:"level='asInvoker' uiAccess='false'" /DEBUG /PDB:"Debug\02.3DSound.pdb" /SUBSYSTEM:CONSOLE /TLBID:1 /DYNAMICBASE /NXCOMPAT /IMPLIB:"Debug\02.3DSound.lib" /MACHINE:X86 Debug\02.3DSound.exe.embed.manifest.res
  Debug\main.obj
Manifest:
  C:\Program Files\Microsoft SDKs\Windows\v7.0A\bin\mt.exe /nologo /verbose /out:"Debug\02.3DSound.exe.embed.manifest" /manifest Debug\02.3DSound.exe.intermediate.manifest
  C:\Program Files\Microsoft SDKs\Windows\v7.0A\bin\rc.exe /nologo /fo"Debug\02.3DSound.exe.embed.manifest.res" Debug\02.3DSound_manifest.rc 
LinkEmbedManifest:
  C:\Program Files\Microsoft Visual Studio 10.0\VC\bin\link.exe /ERRORREPORT:PROMPT /OUT:"../../bin/win32-visualstudio/02.3DSound.exe" /INCREMENTAL /NOLOGO /LIBPATH:"../../lib/win32-visualstudio" kernel32.lib user32.lib gdi32.lib winspool.lib comdlg32.lib advapi32.lib shell32.lib ole32.lib oleaut32.lib uuid.lib odbc32.lib odbccp32.lib /MANIFEST /ManifestFile:"Debug\02.3DSound.exe.intermediate.manifest" /MANIFESTUAC:"level='asInvoker' uiAccess='false'" /DEBUG /PDB:"Debug\02.3DSound.pdb" /SUBSYSTEM:CONSOLE /TLBID:1 /DYNAMICBASE /NXCOMPAT /IMPLIB:"Debug\02.3DSound.lib" /MACHINE:X86 Debug\02.3DSound.exe.embed.manifest.res
  Debug\main.obj
  02.3DSound.vcxproj -> C:\Program Files\irrKlang-1.4.0\irrKlang-1.4.0\examples\02.3DSound\Debug\02.3DSound.exe
FinalizeBuildStatus:
  Deleting file "Debug\02.3DSound.unsuccessfulbuild".
  Touching "Debug\02.3DSound.lastbuildstate".
Done Building Project "C:\Program Files\irrKlang-1.4.0\irrKlang-1.4.0\examples\02.3DSound\02.3DSound.vcxproj" (build target(s)).

Build succeeded.

Time Elapsed 00:00:05.60
